mode: set
github.com/zen-flo/todo-cli/internal/task/task.go:15.27,17.2 1 1
github.com/zen-flo/todo-cli/internal/storage/jsonstore.go:22.47,24.2 1 1
github.com/zen-flo/todo-cli/internal/storage/jsonstore.go:27.54,29.16 2 1
github.com/zen-flo/todo-cli/internal/storage/jsonstore.go:29.16,30.37 1 1
github.com/zen-flo/todo-cli/internal/storage/jsonstore.go:30.37,32.4 1 1
github.com/zen-flo/todo-cli/internal/storage/jsonstore.go:33.3,33.18 1 0
github.com/zen-flo/todo-cli/internal/storage/jsonstore.go:37.2,37.20 1 1
github.com/zen-flo/todo-cli/internal/storage/jsonstore.go:37.20,39.3 1 1
github.com/zen-flo/todo-cli/internal/storage/jsonstore.go:41.2,42.53 2 1
github.com/zen-flo/todo-cli/internal/storage/jsonstore.go:42.53,44.3 1 0
github.com/zen-flo/todo-cli/internal/storage/jsonstore.go:46.2,46.19 1 1
github.com/zen-flo/todo-cli/internal/storage/jsonstore.go:50.56,52.16 2 1
github.com/zen-flo/todo-cli/internal/storage/jsonstore.go:52.16,54.3 1 0
github.com/zen-flo/todo-cli/internal/storage/jsonstore.go:55.2,55.45 1 1
github.com/zen-flo/todo-cli/internal/storage/jsonstore.go:61.48,67.16 4 1
github.com/zen-flo/todo-cli/internal/storage/jsonstore.go:67.16,69.3 1 0
github.com/zen-flo/todo-cli/internal/storage/jsonstore.go:72.2,73.33 2 1
github.com/zen-flo/todo-cli/internal/storage/jsonstore.go:73.33,74.26 1 1
github.com/zen-flo/todo-cli/internal/storage/jsonstore.go:74.26,76.4 1 1
github.com/zen-flo/todo-cli/internal/storage/jsonstore.go:80.2,86.27 3 1
github.com/zen-flo/todo-cli/internal/storage/jsonstore.go:92.54,94.2 1 1
github.com/zen-flo/todo-cli/internal/storage/jsonstore.go:99.79,104.16 4 1
github.com/zen-flo/todo-cli/internal/storage/jsonstore.go:104.16,106.3 1 0
github.com/zen-flo/todo-cli/internal/storage/jsonstore.go:108.2,109.23 2 1
github.com/zen-flo/todo-cli/internal/storage/jsonstore.go:109.23,110.24 1 1
github.com/zen-flo/todo-cli/internal/storage/jsonstore.go:110.24,114.9 4 1
github.com/zen-flo/todo-cli/internal/storage/jsonstore.go:118.2,118.12 1 1
github.com/zen-flo/todo-cli/internal/storage/jsonstore.go:118.12,120.3 1 1
github.com/zen-flo/todo-cli/internal/storage/jsonstore.go:122.2,122.27 1 1
github.com/zen-flo/todo-cli/internal/storage/jsonstore.go:128.46,134.16 4 1
github.com/zen-flo/todo-cli/internal/storage/jsonstore.go:134.16,136.3 1 0
github.com/zen-flo/todo-cli/internal/storage/jsonstore.go:139.2,141.26 3 1
github.com/zen-flo/todo-cli/internal/storage/jsonstore.go:141.26,142.17 1 1
github.com/zen-flo/todo-cli/internal/storage/jsonstore.go:142.17,144.12 2 1
github.com/zen-flo/todo-cli/internal/storage/jsonstore.go:146.3,146.33 1 1
github.com/zen-flo/todo-cli/internal/storage/jsonstore.go:149.2,149.12 1 1
github.com/zen-flo/todo-cli/internal/storage/jsonstore.go:149.12,151.3 1 1
github.com/zen-flo/todo-cli/internal/storage/jsonstore.go:154.2,154.30 1 1
github.com/zen-flo/todo-cli/internal/storage/jsonstore.go:160.48,166.16 4 1
github.com/zen-flo/todo-cli/internal/storage/jsonstore.go:166.16,168.3 1 0
github.com/zen-flo/todo-cli/internal/storage/jsonstore.go:171.2,172.23 2 1
github.com/zen-flo/todo-cli/internal/storage/jsonstore.go:172.23,173.24 1 1
github.com/zen-flo/todo-cli/internal/storage/jsonstore.go:173.24,176.9 3 1
github.com/zen-flo/todo-cli/internal/storage/jsonstore.go:181.2,181.12 1 1
github.com/zen-flo/todo-cli/internal/storage/jsonstore.go:181.12,183.3 1 0
github.com/zen-flo/todo-cli/internal/storage/jsonstore.go:186.2,186.27 1 1
github.com/zen-flo/todo-cli/internal/storage/jsonstore.go:191.61,196.2 3 0
github.com/zen-flo/todo-cli/cmd/add.go:19.47,20.21 1 1
github.com/zen-flo/todo-cli/cmd/add.go:20.21,23.4 2 1
github.com/zen-flo/todo-cli/cmd/add.go:26.3,44.17 5 1
github.com/zen-flo/todo-cli/cmd/add.go:44.17,47.4 2 0
github.com/zen-flo/todo-cli/cmd/add.go:50.3,50.65 1 1
github.com/zen-flo/todo-cli/cmd/add.go:56.13,63.149 3 1
github.com/zen-flo/todo-cli/cmd/add.go:63.149,65.3 1 0
github.com/zen-flo/todo-cli/cmd/clear.go:19.47,25.17 3 1
github.com/zen-flo/todo-cli/cmd/clear.go:25.17,28.4 2 0
github.com/zen-flo/todo-cli/cmd/clear.go:31.3,33.27 3 1
github.com/zen-flo/todo-cli/cmd/clear.go:33.27,34.20 1 1
github.com/zen-flo/todo-cli/cmd/clear.go:34.20,36.5 1 1
github.com/zen-flo/todo-cli/cmd/clear.go:36.10,38.5 1 1
github.com/zen-flo/todo-cli/cmd/clear.go:42.3,42.54 1 1
github.com/zen-flo/todo-cli/cmd/clear.go:42.54,45.4 2 1
github.com/zen-flo/todo-cli/cmd/clear.go:48.3,48.18 1 1
github.com/zen-flo/todo-cli/cmd/clear.go:48.18,50.4 1 1
github.com/zen-flo/todo-cli/cmd/clear.go:50.9,52.4 1 1
github.com/zen-flo/todo-cli/cmd/clear.go:58.13,60.2 1 1
github.com/zen-flo/todo-cli/cmd/complete_all.go:18.47,24.17 3 1
github.com/zen-flo/todo-cli/cmd/complete_all.go:24.17,27.4 2 0
github.com/zen-flo/todo-cli/cmd/complete_all.go:30.3,31.24 2 1
github.com/zen-flo/todo-cli/cmd/complete_all.go:31.24,32.27 1 1
github.com/zen-flo/todo-cli/cmd/complete_all.go:32.27,35.5 2 1
github.com/zen-flo/todo-cli/cmd/complete_all.go:39.3,39.53 1 1
github.com/zen-flo/todo-cli/cmd/complete_all.go:39.53,42.4 2 0
github.com/zen-flo/todo-cli/cmd/complete_all.go:44.3,44.18 1 1
github.com/zen-flo/todo-cli/cmd/complete_all.go:44.18,46.4 1 1
github.com/zen-flo/todo-cli/cmd/complete_all.go:46.9,48.4 1 1
github.com/zen-flo/todo-cli/cmd/complete_all.go:54.13,56.2 1 1
github.com/zen-flo/todo-cli/cmd/completed.go:17.47,23.17 3 1
github.com/zen-flo/todo-cli/cmd/completed.go:23.17,26.4 2 0
github.com/zen-flo/todo-cli/cmd/completed.go:29.3,30.27 2 1
github.com/zen-flo/todo-cli/cmd/completed.go:30.27,31.19 1 1
github.com/zen-flo/todo-cli/cmd/completed.go:31.19,33.5 1 1
github.com/zen-flo/todo-cli/cmd/completed.go:40.13,42.2 1 1
github.com/zen-flo/todo-cli/cmd/delete.go:19.47,22.17 2 1
github.com/zen-flo/todo-cli/cmd/delete.go:22.17,25.4 2 1
github.com/zen-flo/todo-cli/cmd/delete.go:28.3,32.17 3 1
github.com/zen-flo/todo-cli/cmd/delete.go:32.17,35.4 2 1
github.com/zen-flo/todo-cli/cmd/delete.go:38.3,38.75 1 1
github.com/zen-flo/todo-cli/cmd/delete.go:44.13,45.128 1 1
github.com/zen-flo/todo-cli/cmd/delete.go:45.128,48.17 3 0
github.com/zen-flo/todo-cli/cmd/delete.go:48.17,50.4 1 0
github.com/zen-flo/todo-cli/cmd/delete.go:52.3,53.27 2 0
github.com/zen-flo/todo-cli/cmd/delete.go:53.27,55.4 1 0
github.com/zen-flo/todo-cli/cmd/delete.go:56.3,56.57 1 0
github.com/zen-flo/todo-cli/cmd/delete.go:59.2,59.31 1 1
github.com/zen-flo/todo-cli/cmd/done.go:19.47,22.17 2 1
github.com/zen-flo/todo-cli/cmd/done.go:22.17,25.4 2 1
github.com/zen-flo/todo-cli/cmd/done.go:28.3,32.17 3 1
github.com/zen-flo/todo-cli/cmd/done.go:32.17,35.4 2 1
github.com/zen-flo/todo-cli/cmd/done.go:38.3,38.92 1 1
github.com/zen-flo/todo-cli/cmd/done.go:44.13,45.126 1 1
github.com/zen-flo/todo-cli/cmd/done.go:45.126,48.17 3 0
github.com/zen-flo/todo-cli/cmd/done.go:48.17,50.4 1 0
github.com/zen-flo/todo-cli/cmd/done.go:52.3,53.27 2 0
github.com/zen-flo/todo-cli/cmd/done.go:53.27,54.20 1 0
github.com/zen-flo/todo-cli/cmd/done.go:54.20,56.5 1 0
github.com/zen-flo/todo-cli/cmd/done.go:58.3,58.57 1 0
github.com/zen-flo/todo-cli/cmd/done.go:61.2,61.29 1 1
github.com/zen-flo/todo-cli/cmd/list.go:15.42,16.15 1 1
github.com/zen-flo/todo-cli/cmd/list.go:16.15,18.3 1 1
github.com/zen-flo/todo-cli/cmd/list.go:19.2,19.29 1 0
github.com/zen-flo/todo-cli/cmd/list.go:24.42,27.17 2 1
github.com/zen-flo/todo-cli/cmd/list.go:27.17,29.3 1 0
github.com/zen-flo/todo-cli/cmd/list.go:31.2,31.62 1 1
github.com/zen-flo/todo-cli/cmd/list.go:31.62,34.3 1 0
github.com/zen-flo/todo-cli/cmd/list.go:36.2,36.14 1 1
github.com/zen-flo/todo-cli/cmd/list.go:40.41,46.26 3 1
github.com/zen-flo/todo-cli/cmd/list.go:46.26,53.3 1 1
github.com/zen-flo/todo-cli/cmd/list.go:64.47,67.63 2 1
github.com/zen-flo/todo-cli/cmd/list.go:67.63,70.4 2 1
github.com/zen-flo/todo-cli/cmd/list.go:73.3,77.17 3 1
github.com/zen-flo/todo-cli/cmd/list.go:77.17,80.4 2 0
github.com/zen-flo/todo-cli/cmd/list.go:82.3,82.22 1 1
github.com/zen-flo/todo-cli/cmd/list.go:82.22,85.4 2 1
github.com/zen-flo/todo-cli/cmd/list.go:88.3,93.27 4 1
github.com/zen-flo/todo-cli/cmd/list.go:93.27,94.37 1 1
github.com/zen-flo/todo-cli/cmd/list.go:94.37,95.13 1 0
github.com/zen-flo/todo-cli/cmd/list.go:97.4,97.18 1 1
github.com/zen-flo/todo-cli/cmd/list.go:98.19,99.21 1 0
github.com/zen-flo/todo-cli/cmd/list.go:99.21,101.6 1 0
github.com/zen-flo/todo-cli/cmd/list.go:102.21,103.20 1 1
github.com/zen-flo/todo-cli/cmd/list.go:103.20,105.6 1 1
github.com/zen-flo/todo-cli/cmd/list.go:106.12,107.35 1 0
github.com/zen-flo/todo-cli/cmd/list.go:112.3,112.17 1 1
github.com/zen-flo/todo-cli/cmd/list.go:113.15,114.45 1 0
github.com/zen-flo/todo-cli/cmd/list.go:114.45,114.93 1 0
github.com/zen-flo/todo-cli/cmd/list.go:115.15,116.45 1 0
github.com/zen-flo/todo-cli/cmd/list.go:116.45,116.107 1 0
github.com/zen-flo/todo-cli/cmd/list.go:117.11,117.11 0 1
github.com/zen-flo/todo-cli/cmd/list.go:118.11,120.14 2 0
github.com/zen-flo/todo-cli/cmd/list.go:124.3,124.28 1 1
github.com/zen-flo/todo-cli/cmd/list.go:130.13,139.145 5 1
github.com/zen-flo/todo-cli/cmd/list.go:139.145,141.3 1 0
github.com/zen-flo/todo-cli/cmd/list.go:144.2,144.147 1 1
github.com/zen-flo/todo-cli/cmd/list.go:144.147,146.3 1 0
github.com/zen-flo/todo-cli/cmd/list.go:149.2,149.150 1 1
github.com/zen-flo/todo-cli/cmd/list.go:149.150,151.3 1 0
github.com/zen-flo/todo-cli/cmd/pending.go:17.47,23.17 3 1
github.com/zen-flo/todo-cli/cmd/pending.go:23.17,26.4 2 0
github.com/zen-flo/todo-cli/cmd/pending.go:29.3,30.27 2 1
github.com/zen-flo/todo-cli/cmd/pending.go:30.27,31.20 1 1
github.com/zen-flo/todo-cli/cmd/pending.go:31.20,33.5 1 1
github.com/zen-flo/todo-cli/cmd/pending.go:40.13,42.2 1 1
github.com/zen-flo/todo-cli/cmd/root.go:21.47,23.3 1 0
github.com/zen-flo/todo-cli/cmd/root.go:28.16,29.42 1 0
github.com/zen-flo/todo-cli/cmd/root.go:29.42,32.3 2 0
github.com/zen-flo/todo-cli/cmd/search.go:20.47,28.17 4 1
github.com/zen-flo/todo-cli/cmd/search.go:28.17,31.4 2 0
github.com/zen-flo/todo-cli/cmd/search.go:34.3,36.27 3 1
github.com/zen-flo/todo-cli/cmd/search.go:36.27,37.59 1 1
github.com/zen-flo/todo-cli/cmd/search.go:37.59,39.20 2 1
github.com/zen-flo/todo-cli/cmd/search.go:39.20,41.6 1 0
github.com/zen-flo/todo-cli/cmd/search.go:42.5,43.17 2 1
github.com/zen-flo/todo-cli/cmd/search.go:48.3,48.13 1 1
github.com/zen-flo/todo-cli/cmd/search.go:48.13,50.4 1 0
github.com/zen-flo/todo-cli/cmd/search.go:56.13,58.2 1 1
github.com/zen-flo/todo-cli/cmd/update.go:18.54,19.20 1 0
github.com/zen-flo/todo-cli/cmd/update.go:19.20,22.4 2 0
github.com/zen-flo/todo-cli/cmd/update.go:23.3,23.13 1 0
github.com/zen-flo/todo-cli/cmd/update.go:25.47,27.20 1 1
github.com/zen-flo/todo-cli/cmd/update.go:27.20,30.4 2 1
github.com/zen-flo/todo-cli/cmd/update.go:32.3,33.17 2 1
github.com/zen-flo/todo-cli/cmd/update.go:33.17,36.4 2 1
github.com/zen-flo/todo-cli/cmd/update.go:38.3,48.17 5 1
github.com/zen-flo/todo-cli/cmd/update.go:48.17,51.4 2 0
github.com/zen-flo/todo-cli/cmd/update.go:54.3,54.79 1 1
github.com/zen-flo/todo-cli/cmd/update.go:60.13,67.128 3 1
github.com/zen-flo/todo-cli/cmd/update.go:67.128,68.22 1 1
github.com/zen-flo/todo-cli/cmd/update.go:68.22,70.4 1 0
github.com/zen-flo/todo-cli/cmd/update.go:72.3,74.17 3 1
github.com/zen-flo/todo-cli/cmd/update.go:74.17,76.4 1 0
github.com/zen-flo/todo-cli/cmd/update.go:79.3,79.58 1 1
github.com/zen-flo/todo-cli/cmd/update.go:79.58,81.4 1 0
github.com/zen-flo/todo-cli/cmd/update.go:84.3,85.27 2 1
github.com/zen-flo/todo-cli/cmd/update.go:85.27,87.4 1 0
github.com/zen-flo/todo-cli/cmd/update.go:88.3,88.57 1 1
github.com/zen-flo/todo-cli/main.go:7.13,9.2 1 0
